<?xml version="1.0" encoding="UTF-8"?>
<!-- Generated by org.testng.reporters.JUnitReportReporter -->
<testsuite hostname="LAPTOP-1DLSL8MV" failures="0" tests="2" name="ru.mirapolis.AuthorizationTest" time="17.929" errors="0" timestamp="2022-03-18T22:41:58 MSK" skipped="0">
  <testcase classname="ru.mirapolis.AuthorizationTest" name="authorization" time="8.272"/>
  <system-out/>
  <testcase classname="ru.mirapolis.AuthorizationTest" name="test" time="9.657"/>
  <system-out/>
</testsuite> <!-- ru.mirapolis.AuthorizationTest -->
