<?xml version="1.0" encoding="UTF-8"?>
<!-- Generated by org.testng.reporters.JUnitReportReporter -->
<testsuite hostname="LAPTOP-1DLSL8MV" failures="0" tests="2" name="ru.mirapolis.Login.LoginTest" time="10.824" errors="0" timestamp="2022-03-19T10:43:05 MSK" skipped="0">
  <testcase classname="ru.mirapolis.Login.LoginTest" name="wrongLoginTest" time="3.034"/>
  <system-out/>
  <testcase classname="ru.mirapolis.Login.LoginTest" name="successfulLoginTest" time="7.790"/>
  <system-out/>
</testsuite> <!-- ru.mirapolis.Login.LoginTest -->
